#
# There is insufficient memory for the Java Runtime Environment to continue.
# Native memory allocation (malloc) failed to allocate 1094576 bytes for Chunk::new
# Possible reasons:
#   The system is out of physical RAM or swap space
#   The process is running with CompressedOops enabled, and the Java Heap may be blocking the growth of the native heap
# Possible solutions:
#   Reduce memory load on the system
#   Increase physical memory or swap space
#   Check if swap backing store is full
#   Decrease Java heap size (-Xmx/-Xms)
#   Decrease number of Java threads
#   Decrease Java thread stack sizes (-Xss)
#   Set larger code cache with -XX:ReservedCodeCacheSize=
#   JVM is running with Unscaled Compressed Oops mode in which the Java heap is
#     placed in the first 4GB address space. The Java Heap base address is the
#     maximum limit for the native heap growth. Please use -XX:HeapBaseMinAddress
#     to set the Java Heap base and to place the Java Heap above 4GB virtual address.
# This output file may be truncated or incomplete.
#
#  Out of Memory Error (allocation.cpp:389), pid=8516, tid=0x0000000000001fe0
#
# JRE version: OpenJDK Runtime Environment (Zulu 8.68.0.21-CA-win64) (8.0_362-b09) (build 1.8.0_362-b09)
# Java VM: OpenJDK 64-Bit Server VM (25.362-b09 mixed mode windows-amd64 compressed oops)
# Failed to write core dump. Minidumps are not enabled by default on client versions of Windows
#

---------------  T H R E A D  ---------------

Current thread (0x000001a8bcc1a000):  JavaThread "C2 CompilerThread0" daemon [_thread_in_native, id=8160, stack(0x0000007545300000,0x0000007545400000)]

Stack: [0x0000007545300000,0x0000007545400000]
[error occurred during error reporting (printing stack bounds), id 0xc0000005]

Native frames: (J=compiled Java code, j=interpreted, Vv=VM code, C=native code)


Current CompileTask:
C2:  22461 1706       4       org.codehaus.groovy.reflection.CachedMethod::compareTo (25 bytes)


---------------  P R O C E S S  ---------------

Java Threads: ( => current thread )
  0x000001a8bcc66800 JavaThread "Service Thread" daemon [_thread_blocked, id=6076, stack(0x0000007545500000,0x0000007545600000)]
  0x000001a8bcc29800 JavaThread "C1 CompilerThread1" daemon [_thread_blocked, id=8700, stack(0x0000007545400000,0x0000007545500000)]
=>0x000001a8bcc1a000 JavaThread "C2 CompilerThread0" daemon [_thread_in_native, id=8160, stack(0x0000007545300000,0x0000007545400000)]
  0x000001a8bcc12800 JavaThread "Attach Listener" daemon [_thread_blocked, id=13224, stack(0x0000007545200000,0x0000007545300000)]
  0x000001a8bcc11800 JavaThread "Signal Dispatcher" daemon [_thread_blocked, id=4488, stack(0x0000007545100000,0x0000007545200000)]
  0x000001a8bbec9800 JavaThread "Finalizer" daemon [_thread_blocked, id=1540, stack(0x0000007545000000,0x0000007545100000)]
  0x000001a8bbec1800 JavaThread "Reference Handler" daemon [_thread_blocked, id=12412, stack(0x0000007544f00000,0x0000007545000000)]
  0x000001a8a5b64800 JavaThread "main" [_thread_in_native, id=808, stack(0x0000007544b00000,0x0000007544c00000)]

Other Threads:
  0x000001a8bbe9f000 VMThread [stack: 0x0000007544e00000,0x0000007544f00000] [id=10080]
  0x000001a8bcc6b000 WatcherThread [stack: 0x0000007545600000,0x0000007545700000] [id=7840]

VM state:not at safepoint (normal execution)

VM Mutex/Monitor currently owned by a thread: None

heap address: 0x0000000080000000, size: 2048 MB, Compressed Oops mode: 32-bit
Narrow klass base: 0x0000000000000000, Narrow klass shift: 3
Compressed class space size: 1073741824 Address: 0x0000000100000000

Heap:
 PSYoungGen      total 19968K, used 10609K [0x00000000d5580000, 0x00000000d7000000, 0x0000000100000000)
  eden space 17408K, 56% used [0x00000000d5580000,0x00000000d5f05490,0x00000000d6680000)
  from space 2560K, 33% used [0x00000000d6680000,0x00000000d6757210,0x00000000d6900000)
  to   space 2048K, 0% used [0x00000000d6e00000,0x00000000d6e00000,0x00000000d7000000)
 ParOldGen       total 22016K, used 10023K [0x0000000080000000, 0x0000000081580000, 0x00000000d5580000)
  object space 22016K, 45% used [0x0000000080000000,0x00000000809c9d18,0x0000000081580000)
 Metaspace       used 20635K, capacity 20900K, committed 21120K, reserved 1069056K
  class space    used 2281K, capacity 2391K, committed 2432K, reserved 1048576K

Card table byte_map: [0x000001a8b6950000,0x000001a8b6d60000] byte_map_base: 0x000001a8b6550000

Marking Bits: (ParMarkBitMap*) 0x0000000065d05390
 Begin Bits: [0x000001a8b7010000, 0x000001a8b9010000)
 End Bits:   [0x000001a8b9010000, 0x000001a8bb010000)

Polling page: 0x000001a8a5ab0000

CodeCache: size=245760Kb used=7134Kb max_used=7134Kb free=238625Kb
 bounds [0x000001a8a7590000, 0x000001a8a7c90000, 0x000001a8b6590000]
 total_blobs=2330 nmethods=1712 adapters=530
 compilation: enabled

Compilation events (10 events):
Event: 22.389 Thread 0x000001a8bcc29800 1715       3       org.codehaus.groovy.runtime.metaclass.MetaMethodIndex::getHeader (38 bytes)
Event: 22.390 Thread 0x000001a8bcc29800 nmethod 1715 0x000001a8a7c86850 code [0x000001a8a7c86a00, 0x000001a8a7c86fe0]
Event: 22.390 Thread 0x000001a8bcc29800 1716       3       groovyjarjarasm.asm.SymbolTable::addConstantClass (8 bytes)
Event: 22.390 Thread 0x000001a8bcc29800 nmethod 1716 0x000001a8a7c87290 code [0x000001a8a7c87400, 0x000001a8a7c87590]
Event: 22.391 Thread 0x000001a8bcc29800 1717       3       groovyjarjarasm.asm.Label::getCanonicalInstance (19 bytes)
Event: 22.391 Thread 0x000001a8bcc29800 nmethod 1717 0x000001a8a7c87610 code [0x000001a8a7c87760, 0x000001a8a7c87918]
Event: 22.391 Thread 0x000001a8bcc29800 1718       3       groovyjarjarasm.asm.SymbolTable::addType (81 bytes)
Event: 22.392 Thread 0x000001a8bcc29800 nmethod 1718 0x000001a8a7c879d0 code [0x000001a8a7c87ba0, 0x000001a8a7c882c0]
Event: 22.392 Thread 0x000001a8bcc29800 1719       3       groovyjarjarasm.asm.Frame::getAbstractTypeFromDescriptor (415 bytes)
Event: 22.393 Thread 0x000001a8bcc29800 nmethod 1719 0x000001a8a7c88610 code [0x000001a8a7c88880, 0x000001a8a7c89870]

GC Heap History (10 events):
Event: 19.910 GC heap before
{Heap before GC invocations=21 (full 0):
 PSYoungGen      total 14848K, used 12982K [0x00000000d5580000, 0x00000000d6680000, 0x0000000100000000)
  eden space 12288K, 100% used [0x00000000d5580000,0x00000000d6180000,0x00000000d6180000)
  from space 2560K, 27% used [0x00000000d6400000,0x00000000d64ada30,0x00000000d6680000)
  to   space 2560K, 0% used [0x00000000d6180000,0x00000000d6180000,0x00000000d6400000)
 ParOldGen       total 22016K, used 8943K [0x0000000080000000, 0x0000000081580000, 0x00000000d5580000)
  object space 22016K, 40% used [0x0000000080000000,0x00000000808bbf28,0x0000000081580000)
 Metaspace       used 17173K, capacity 17382K, committed 17664K, reserved 1064960K
  class space    used 1824K, capacity 1921K, committed 2048K, reserved 1048576K
Event: 19.913 GC heap after
Heap after GC invocations=21 (full 0):
 PSYoungGen      total 14848K, used 608K [0x00000000d5580000, 0x00000000d6680000, 0x0000000100000000)
  eden space 12288K, 0% used [0x00000000d5580000,0x00000000d5580000,0x00000000d6180000)
  from space 2560K, 23% used [0x00000000d6180000,0x00000000d6218000,0x00000000d6400000)
  to   space 2560K, 0% used [0x00000000d6400000,0x00000000d6400000,0x00000000d6680000)
 ParOldGen       total 22016K, used 9135K [0x0000000080000000, 0x0000000081580000, 0x00000000d5580000)
  object space 22016K, 41% used [0x0000000080000000,0x00000000808ebf28,0x0000000081580000)
 Metaspace       used 17173K, capacity 17382K, committed 17664K, reserved 1064960K
  class space    used 1824K, capacity 1921K, committed 2048K, reserved 1048576K
}
Event: 20.416 GC heap before
{Heap before GC invocations=22 (full 0):
 PSYoungGen      total 14848K, used 12896K [0x00000000d5580000, 0x00000000d6680000, 0x0000000100000000)
  eden space 12288K, 100% used [0x00000000d5580000,0x00000000d6180000,0x00000000d6180000)
  from space 2560K, 23% used [0x00000000d6180000,0x00000000d6218000,0x00000000d6400000)
  to   space 2560K, 0% used [0x00000000d6400000,0x00000000d6400000,0x00000000d6680000)
 ParOldGen       total 22016K, used 9135K [0x0000000080000000, 0x0000000081580000, 0x00000000d5580000)
  object space 22016K, 41% used [0x0000000080000000,0x00000000808ebf28,0x0000000081580000)
 Metaspace       used 17911K, capacity 18182K, committed 18432K, reserved 1064960K
  class space    used 1916K, capacity 2017K, committed 2048K, reserved 1048576K
Event: 20.418 GC heap after
Heap after GC invocations=22 (full 0):
 PSYoungGen      total 14848K, used 653K [0x00000000d5580000, 0x00000000d6680000, 0x0000000100000000)
  eden space 12288K, 0% used [0x00000000d5580000,0x00000000d5580000,0x00000000d6180000)
  from space 2560K, 25% used [0x00000000d6400000,0x00000000d64a3560,0x00000000d6680000)
  to   space 2560K, 0% used [0x00000000d6180000,0x00000000d6180000,0x00000000d6400000)
 ParOldGen       total 22016K, used 9279K [0x0000000080000000, 0x0000000081580000, 0x00000000d5580000)
  object space 22016K, 42% used [0x0000000080000000,0x000000008090ff48,0x0000000081580000)
 Metaspace       used 17911K, capacity 18182K, committed 18432K, reserved 1064960K
  class space    used 1916K, capacity 2017K, committed 2048K, reserved 1048576K
}
Event: 20.812 GC heap before
{Heap before GC invocations=23 (full 0):
 PSYoungGen      total 14848K, used 12941K [0x00000000d5580000, 0x00000000d6680000, 0x0000000100000000)
  eden space 12288K, 100% used [0x00000000d5580000,0x00000000d6180000,0x00000000d6180000)
  from space 2560K, 25% used [0x00000000d6400000,0x00000000d64a3560,0x00000000d6680000)
  to   space 2560K, 0% used [0x00000000d6180000,0x00000000d6180000,0x00000000d6400000)
 ParOldGen       total 22016K, used 9279K [0x0000000080000000, 0x0000000081580000, 0x00000000d5580000)
  object space 22016K, 42% used [0x0000000080000000,0x000000008090ff48,0x0000000081580000)
 Metaspace       used 18642K, capacity 18886K, committed 19072K, reserved 1067008K
  class space    used 2037K, capacity 2145K, committed 2176K, reserved 1048576K
Event: 20.821 GC heap after
Heap after GC invocations=23 (full 0):
 PSYoungGen      total 14848K, used 793K [0x00000000d5580000, 0x00000000d6b80000, 0x0000000100000000)
  eden space 12288K, 0% used [0x00000000d5580000,0x00000000d5580000,0x00000000d6180000)
  from space 2560K, 31% used [0x00000000d6180000,0x00000000d6246758,0x00000000d6400000)
  to   space 2560K, 0% used [0x00000000d6900000,0x00000000d6900000,0x00000000d6b80000)
 ParOldGen       total 22016K, used 9361K [0x0000000080000000, 0x0000000081580000, 0x00000000d5580000)
  object space 22016K, 42% used [0x0000000080000000,0x00000000809244e8,0x0000000081580000)
 Metaspace       used 18642K, capacity 18886K, committed 19072K, reserved 1067008K
  class space    used 2037K, capacity 2145K, committed 2176K, reserved 1048576K
}
Event: 21.400 GC heap before
{Heap before GC invocations=24 (full 0):
 PSYoungGen      total 14848K, used 13081K [0x00000000d5580000, 0x00000000d6b80000, 0x0000000100000000)
  eden space 12288K, 100% used [0x00000000d5580000,0x00000000d6180000,0x00000000d6180000)
  from space 2560K, 31% used [0x00000000d6180000,0x00000000d6246758,0x00000000d6400000)
  to   space 2560K, 0% used [0x00000000d6900000,0x00000000d6900000,0x00000000d6b80000)
 ParOldGen       total 22016K, used 9361K [0x0000000080000000, 0x0000000081580000, 0x00000000d5580000)
  object space 22016K, 42% used [0x0000000080000000,0x00000000809244e8,0x0000000081580000)
 Metaspace       used 19905K, capacity 20140K, committed 20608K, reserved 1067008K
  class space    used 2195K, capacity 2307K, committed 2432K, reserved 1048576K
Event: 21.412 GC heap after
Heap after GC invocations=24 (full 0):
 PSYoungGen      total 19968K, used 1126K [0x00000000d5580000, 0x00000000d6b80000, 0x0000000100000000)
  eden space 17408K, 0% used [0x00000000d5580000,0x00000000d5580000,0x00000000d6680000)
  from space 2560K, 44% used [0x00000000d6900000,0x00000000d6a199c0,0x00000000d6b80000)
  to   space 2560K, 0% used [0x00000000d6680000,0x00000000d6680000,0x00000000d6900000)
 ParOldGen       total 22016K, used 9577K [0x0000000080000000, 0x0000000081580000, 0x00000000d5580000)
  object space 22016K, 43% used [0x0000000080000000,0x000000008095a4f8,0x0000000081580000)
 Metaspace       used 19905K, capacity 20140K, committed 20608K, reserved 1067008K
  class space    used 2195K, capacity 2307K, committed 2432K, reserved 1048576K
}
Event: 22.144 GC heap before
{Heap before GC invocations=25 (full 0):
 PSYoungGen      total 19968K, used 18534K [0x00000000d5580000, 0x00000000d6b80000, 0x0000000100000000)
  eden space 17408K, 100% used [0x00000000d5580000,0x00000000d6680000,0x00000000d6680000)
  from space 2560K, 44% used [0x00000000d6900000,0x00000000d6a199c0,0x00000000d6b80000)
  to   space 2560K, 0% used [0x00000000d6680000,0x00000000d6680000,0x00000000d6900000)
 ParOldGen       total 22016K, used 9577K [0x0000000080000000, 0x0000000081580000, 0x00000000d5580000)
  object space 22016K, 43% used [0x0000000080000000,0x000000008095a4f8,0x0000000081580000)
 Metaspace       used 20573K, capacity 20818K, committed 21120K, reserved 1069056K
  class space    used 2275K, capacity 2385K, committed 2432K, reserved 1048576K
Event: 22.149 GC heap after
Heap after GC invocations=25 (full 0):
 PSYoungGen      total 19968K, used 860K [0x00000000d5580000, 0x00000000d7000000, 0x0000000100000000)
  eden space 17408K, 0% used [0x00000000d5580000,0x00000000d5580000,0x00000000d6680000)
  from space 2560K, 33% used [0x00000000d6680000,0x00000000d6757210,0x00000000d6900000)
  to   space 2048K, 0% used [0x00000000d6e00000,0x00000000d6e00000,0x00000000d7000000)
 ParOldGen       total 22016K, used 10023K [0x0000000080000000, 0x0000000081580000, 0x00000000d5580000)
  object space 22016K, 45% used [0x0000000080000000,0x00000000809c9d18,0x0000000081580000)
 Metaspace       used 20573K, capacity 20818K, committed 21120K, reserved 1069056K
  class space    used 2275K, capacity 2385K, committed 2432K, reserved 1048576K
}

Deoptimization events (10 events):
Event: 19.589 Thread 0x000001a8a5b64800 Uncommon trap: reason=unstable_if action=reinterpret pc=0x000001a8a787e428 method=sun.misc.URLClassPath$JarLoader.getResource(Ljava/lang/String;Z)Lsun/misc/Resource; @ 15
Event: 19.621 Thread 0x000001a8a5b64800 Uncommon trap: reason=unstable_if action=reinterpret pc=0x000001a8a77df970 method=sun.misc.URLClassPath$JarLoader.getResource(Ljava/lang/String;Z)Lsun/misc/Resource; @ 15
Event: 19.637 Thread 0x000001a8a5b64800 Uncommon trap: reason=unstable_if action=reinterpret pc=0x000001a8a7982aa0 method=sun.misc.MetaIndex.mayContain(Ljava/lang/String;)Z @ 38
Event: 19.638 Thread 0x000001a8a5b64800 Uncommon trap: reason=unstable_if action=reinterpret pc=0x000001a8a781b4b0 method=java.net.URL.<init>(Ljava/net/URL;Ljava/lang/String;Ljava/net/URLStreamHandler;)V @ 391
Event: 19.639 Thread 0x000001a8a5b64800 Uncommon trap: reason=unstable_if action=reinterpret pc=0x000001a8a788f0cc method=java.util.BitSet.get(I)Z @ 60
Event: 19.933 Thread 0x000001a8a5b64800 Uncommon trap: reason=unstable_if action=reinterpret pc=0x000001a8a7bb8648 method=java.util.jar.Manifest$FastInputStream.peek()B @ 23
Event: 21.046 Thread 0x000001a8a5b64800 Uncommon trap: reason=unstable_if action=reinterpret pc=0x000001a8a7805338 method=java.io.DataInputStream.readUTF(Ljava/io/DataInput;)Ljava/lang/String; @ 31
Event: 21.104 Thread 0x000001a8a5b64800 Uncommon trap: reason=unstable_if action=reinterpret pc=0x000001a8a7bf09f4 method=sun.misc.URLClassPath$FileLoader.getResource(Ljava/lang/String;Z)Lsun/misc/Resource; @ 139
Event: 21.143 Thread 0x000001a8a5b64800 Uncommon trap: reason=unstable_if action=reinterpret pc=0x000001a8a7be5224 method=java.io.WinNTFileSystem.prefixLength(Ljava/lang/String;)I @ 42
Event: 21.697 Thread 0x000001a8a5b64800 Uncommon trap: reason=unstable_if action=reinterpret pc=0x000001a8a7aeabd4 method=java.lang.CharacterDataLatin1.digit(II)I @ 82

Classes redefined (0 events):
No events

Internal exceptions (10 events):
Event: 22.166 Thread 0x000001a8a5b64800 Exception <a 'java/lang/ClassNotFoundException': java/lang/ClassLoaderCustomizer> (0x00000000d56a93b0) thrown at [C:\jenkins\workspace\zulu-platform-build\zulu-src.git\hotspot\src\share\vm\classfile\systemDictionary.cpp, line 220]
Event: 22.171 Thread 0x000001a8a5b64800 Exception <a 'java/lang/ClassNotFoundException': java/security/SecureClassLoaderCustomizer> (0x00000000d5705808) thrown at [C:\jenkins\workspace\zulu-platform-build\zulu-src.git\hotspot\src\share\vm\classfile\systemDictionary.cpp, line 220]
Event: 22.186 Thread 0x000001a8a5b64800 Exception <a 'java/lang/ClassNotFoundException': java/net/URLClassLoaderCustomizer> (0x00000000d5750da0) thrown at [C:\jenkins\workspace\zulu-platform-build\zulu-src.git\hotspot\src\share\vm\classfile\systemDictionary.cpp, line 220]
Event: 22.192 Thread 0x000001a8a5b64800 Exception <a 'java/lang/ClassNotFoundException': org/codehaus/groovy/tools/RootLoaderCustomizer> (0x00000000d58134d0) thrown at [C:\jenkins\workspace\zulu-platform-build\zulu-src.git\hotspot\src\share\vm\classfile\systemDictionary.cpp, line 220]
Event: 22.232 Thread 0x000001a8a5b64800 Exception <a 'java/lang/ClassNotFoundException': com/kms/katalon/core/ast/AstTestStepTransformationBeanInfo> (0x00000000d592efb8) thrown at [C:\jenkins\workspace\zulu-platform-build\zulu-src.git\hotspot\src\share\vm\classfile\systemDictionary.cpp, line 22
Event: 22.238 Thread 0x000001a8a5b64800 Exception <a 'java/lang/ClassNotFoundException': com/kms/katalon/core/ast/AstTestStepTransformationCustomizer> (0x00000000d59c0938) thrown at [C:\jenkins\workspace\zulu-platform-build\zulu-src.git\hotspot\src\share\vm\classfile\systemDictionary.cpp, line 
Event: 22.272 Thread 0x000001a8a5b64800 Exception <a 'java/lang/ClassNotFoundException': com/sun/proxy/$Proxy1BeanInfo> (0x00000000d5a95858) thrown at [C:\jenkins\workspace\zulu-platform-build\zulu-src.git\hotspot\src\share\vm\classfile\systemDictionary.cpp, line 220]
Event: 22.358 Thread 0x000001a8a5b64800 Exception <a 'java/lang/ClassNotFoundException': com/sun/proxy/$Proxy1Customizer> (0x00000000d5afb550) thrown at [C:\jenkins\workspace\zulu-platform-build\zulu-src.git\hotspot\src\share\vm\classfile\systemDictionary.cpp, line 220]
Event: 22.381 Thread 0x000001a8a5b64800 Exception <a 'java/lang/ClassNotFoundException': org/codehaus/groovy/ast/ClassHelperBeanInfo> (0x00000000d5bf36e0) thrown at [C:\jenkins\workspace\zulu-platform-build\zulu-src.git\hotspot\src\share\vm\classfile\systemDictionary.cpp, line 220]
Event: 22.388 Thread 0x000001a8a5b64800 Exception <a 'java/lang/ClassNotFoundException': org/codehaus/groovy/ast/ClassHelperCustomizer> (0x00000000d5cad228) thrown at [C:\jenkins\workspace\zulu-platform-build\zulu-src.git\hotspot\src\share\vm\classfile\systemDictionary.cpp, line 220]

Events (10 events):
Event: 22.385 loading class org/codehaus/groovy/ast/ClassHelperCustomizer
Event: 22.385 loading class org/codehaus/groovy/ast/ClassHelperCustomizer done
Event: 22.388 loading class org/codehaus/groovy/ast/ClassHelperCustomizer
Event: 22.388 loading class org/codehaus/groovy/ast/ClassHelperCustomizer done
Event: 22.396 loading class groovy/runtime/metaclass/org/codehaus/groovy/ast/AnnotationNodeMetaClass
Event: 22.396 loading class groovy/runtime/metaclass/org/codehaus/groovy/ast/AnnotationNodeMetaClass done
Event: 22.403 loading class org/codehaus/groovy/ast/AnnotationNodeBeanInfo
Event: 22.403 loading class org/codehaus/groovy/ast/AnnotationNodeBeanInfo done
Event: 22.431 loading class org/codehaus/groovy/ast/AnnotationNodeBeanInfo
Event: 22.431 loading class org/codehaus/groovy/ast/AnnotationNodeBeanInfo done


Dynamic libraries:
0x00007ff7c1ed0000 - 0x00007ff7c1f21000 	C:\Users\yustika\.katalon\packages\Katalon_Studio_Windows_64-8.6.8\Katalon_Studio_Windows_64-8.6.8\jre\bin\javaw.exe
0x00007fff12f10000 - 0x00007fff13108000 	C:\Windows\SYSTEM32\ntdll.dll
0x00007fff127d0000 - 0x00007fff1288f000 	C:\Windows\System32\KERNEL32.DLL
0x00007fff108e0000 - 0x00007fff10bd6000 	C:\Windows\System32\KERNELBASE.dll
0x00007fff125f0000 - 0x00007fff1269f000 	C:\Windows\System32\ADVAPI32.dll
0x00007fff11330000 - 0x00007fff113ce000 	C:\Windows\System32\msvcrt.dll
0x00007fff111a0000 - 0x00007fff1123c000 	C:\Windows\System32\sechost.dll
0x00007fff11d70000 - 0x00007fff11e96000 	C:\Windows\System32\RPCRT4.dll
0x00007fff12940000 - 0x00007fff12add000 	C:\Windows\System32\USER32.dll
0x00007fff10d30000 - 0x00007fff10d52000 	C:\Windows\System32\win32u.dll
0x00007fff12ea0000 - 0x00007fff12ecc000 	C:\Windows\System32\GDI32.dll
0x00007fff10e20000 - 0x00007fff10f35000 	C:\Windows\System32\gdi32full.dll
0x00007fff10be0000 - 0x00007fff10c7d000 	C:\Windows\System32\msvcp_win.dll
0x00007fff105f0000 - 0x00007fff106f0000 	C:\Windows\System32\ucrtbase.dll
0x00007fff026b0000 - 0x00007fff0294a000 	C:\Windows\WinSxS\amd64_microsoft.windows.common-controls_6595b64144ccf1df_6.0.19041.1110_none_60b5254171f9507e\COMCTL32.dll
0x00007fff11860000 - 0x00007fff11890000 	C:\Windows\System32\IMM32.DLL
0x00007fff088b0000 - 0x00007fff088c5000 	C:\Users\yustika\.katalon\packages\Katalon_Studio_Windows_64-8.6.8\Katalon_Studio_Windows_64-8.6.8\jre\bin\vcruntime140.dll
0x00007ffee6ab0000 - 0x00007ffee6b4b000 	C:\Users\yustika\.katalon\packages\Katalon_Studio_Windows_64-8.6.8\Katalon_Studio_Windows_64-8.6.8\jre\bin\msvcp140.dll
0x0000000065510000 - 0x0000000065d80000 	C:\Users\yustika\.katalon\packages\Katalon_Studio_Windows_64-8.6.8\Katalon_Studio_Windows_64-8.6.8\jre\bin\server\jvm.dll
0x00007fff126a0000 - 0x00007fff126a8000 	C:\Windows\System32\PSAPI.DLL
0x00007fff02a70000 - 0x00007fff02a79000 	C:\Windows\SYSTEM32\WSOCK32.dll
0x00007fff11d00000 - 0x00007fff11d6b000 	C:\Windows\System32\WS2_32.dll
0x00007ffefdfc0000 - 0x00007ffefdfe7000 	C:\Windows\SYSTEM32\WINMM.dll
0x00007fff05f20000 - 0x00007fff05f2a000 	C:\Windows\SYSTEM32\VERSION.dll
0x00007fff0e4a0000 - 0x00007fff0e4b2000 	C:\Windows\SYSTEM32\kernel.appcore.dll
0x00007fff0b5f0000 - 0x00007fff0b600000 	C:\Users\yustika\.katalon\packages\Katalon_Studio_Windows_64-8.6.8\Katalon_Studio_Windows_64-8.6.8\jre\bin\verify.dll
0x00007ffef7490000 - 0x00007ffef74bb000 	C:\Users\yustika\.katalon\packages\Katalon_Studio_Windows_64-8.6.8\Katalon_Studio_Windows_64-8.6.8\jre\bin\java.dll
0x00007fff096a0000 - 0x00007fff096b8000 	C:\Users\yustika\.katalon\packages\Katalon_Studio_Windows_64-8.6.8\Katalon_Studio_Windows_64-8.6.8\jre\bin\zip.dll
0x00007fff11ea0000 - 0x00007fff125e4000 	C:\Windows\System32\SHELL32.dll
0x00007fff0e6a0000 - 0x00007fff0ee33000 	C:\Windows\SYSTEM32\windows.storage.dll
0x00007fff11440000 - 0x00007fff11794000 	C:\Windows\System32\combase.dll
0x00007fff0ff60000 - 0x00007fff0ff8e000 	C:\Windows\SYSTEM32\Wldp.dll
0x00007fff117a0000 - 0x00007fff1184d000 	C:\Windows\System32\SHCORE.dll
0x00007fff113d0000 - 0x00007fff11425000 	C:\Windows\System32\shlwapi.dll
0x00007fff10530000 - 0x00007fff1054f000 	C:\Windows\SYSTEM32\profapi.dll
0x00007fff06050000 - 0x00007fff0606c000 	C:\Users\yustika\.katalon\packages\Katalon_Studio_Windows_64-8.6.8\Katalon_Studio_Windows_64-8.6.8\jre\bin\net.dll
0x00007fff0fcc0000 - 0x00007fff0fd2a000 	C:\Windows\system32\mswsock.dll
0x00007fff03db0000 - 0x00007fff03dc3000 	C:\Users\yustika\.katalon\packages\Katalon_Studio_Windows_64-8.6.8\Katalon_Studio_Windows_64-8.6.8\jre\bin\nio.dll

VM Arguments:
jvm_args: -Dgroovy.home=C:\Users\yustika/.groovy -Djava.system.class.loader=groovy.lang.GroovyClassLoader -Xmx2048m -Dfile.encoding=UTF-8 
java_command: org.codehaus.groovy.tools.GroovyStarter --classpath C:\Users\yustika\Katalon Studio\My First Web UI Project\bin\keyword;C:\Users\yustika\Katalon Studio\My First Web UI Project\Keywords;C:\Users\yustika\Katalon Studio\My First Web UI Project\bin\listener;C:\Users\yustika\Katalon Studio\My First Web UI Project\Test Listeners;C:\Users\yustika\Katalon Studio\My First Web UI Project\bin\lib;C:\Users\yustika\Katalon Studio\My First Web UI Project\Libs;C:\Users\yustika\Katalon Studio\My First Web UI Project\bin\groovy;C:\Users\yustika\Katalon Studio\My First Web UI Project\Include\scripts\groovy;C:\Users\yustika\.katalon\packages\Katalon_Studio_Windows_64-8.6.8\Katalon_Studio_Windows_64-8.6.8\plugins\com.kms.katalon.core_1.0.0.202309060301.jar;C:\Users\yustika\.katalon\packages\Katalon_Studio_Windows_64-8.6.8\Katalon_Studio_Windows_64-8.6.8\configuration\resources\lib\aalto-xml-1.0.0.jar;C:\Users\yustika\.katalon\packages\Katalon_Studio_Windows_64-8.6.8\Katalon_Studio_Windows_64-8.6.8\configuration\resources\lib\aspectjweaver-1.9.1.jar;C:\Users\yustika\.katalon\packages\Katalon_Studio_Windows_64-8.6.8\Katalon_Studio_Windows_64-8.6.8\configuration\resources\lib\bcpkix-jdk15on-1.64.jar;C:\Users\yustika\.katalon\packages\Katalon_Studio_Windows_64-8.6.8\Katalon_Studio_Windows_64-8.6.8\configuration\resources\lib\bcprov-jdk15on-1.64.jar;C:\Users\yustika\.katalon\packages\Katalon_Studio_Windows_64-8.6.8\Katalon_Studio_Windows_64-8.6.8\configuration\resources\lib\browsermob-core-2.1.5.jar;C:\Users\yustika\.katalon\packages\Katalon_Studio_Windows_64-8.6.8\Katalon_Studio_Windows_64-8.6.8\configuration\resources\lib\cglib-3.2.10.jar;C:\Users\yustika\.katalon\packages\Katalon_Studio_Windows_64-8.6.8\Katalon_Studio_Windows_64-8.6.8\configuration\resources\lib\commons-codec-1.10.jar;C:\Users\yustika\.katalon\packages\Katalon_Studio_Windows_64-8.6.8\Katalon_Studio_Windows_64-8.6.8\configuration\resources\lib\commons-collections4-4.1.jar;C:\Users\yustika\.katalon\packages
java_class_path (initial): C:\Users\yustika\Katalon Studio\My First Web UI Project\bin\keyword;C:\Users\yustika\Katalon Studio\My First Web UI Project\bin\listener;C:\Users\yustika\Katalon Studio\My First Web UI Project\bin\lib;C:\Users\yustika\Katalon Studio\My First Web UI Project\bin\groovy;C:\Users\yustika\Katalon Studio\My First Web UI Project\bin;C:\Users\yustika\.katalon\packages\Katalon_Studio_Windows_64-8.6.8\Katalon_Studio_Windows_64-8.6.8\plugins\com.kms.katalon.core_1.0.0.202309060301.jar;C:\Users\yustika\.katalon\packages\Katalon_Studio_Windows_64-8.6.8\Katalon_Studio_Windows_64-8.6.8\configuration\resources\lib\aalto-xml-1.0.0.jar;C:\Users\yustika\.katalon\packages\Katalon_Studio_Windows_64-8.6.8\Katalon_Studio_Windows_64-8.6.8\configuration\resources\lib\aspectjweaver-1.9.1.jar;C:\Users\yustika\.katalon\packages\Katalon_Studio_Windows_64-8.6.8\Katalon_Studio_Windows_64-8.6.8\configuration\resources\lib\bcpkix-jdk15on-1.64.jar;C:\Users\yustika\.katalon\packages\Katalon_Studio_Windows_64-8.6.8\Katalon_Studio_Windows_64-8.6.8\configuration\resources\lib\bcprov-jdk15on-1.64.jar;C:\Users\yustika\.katalon\packages\Katalon_Studio_Windows_64-8.6.8\Katalon_Studio_Windows_64-8.6.8\configuration\resources\lib\browsermob-core-2.1.5.jar;C:\Users\yustika\.katalon\packages\Katalon_Studio_Windows_64-8.6.8\Katalon_Studio_Windows_64-8.6.8\configuration\resources\lib\cglib-3.2.10.jar;C:\Users\yustika\.katalon\packages\Katalon_Studio_Windows_64-8.6.8\Katalon_Studio_Windows_64-8.6.8\configuration\resources\lib\commons-codec-1.10.jar;C:\Users\yustika\.katalon\packages\Katalon_Studio_Windows_64-8.6.8\Katalon_Studio_Windows_64-8.6.8\configuration\resources\lib\commons-collections4-4.1.jar;C:\Users\yustika\.katalon\packages\Katalon_Studio_Windows_64-8.6.8\Katalon_Studio_Windows_64-8.6.8\configuration\resources\lib\commons-validator-1.6.jar;C:\Users\yustika\.katalon\packages\Katalon_Studio_Windows_64-8.6.8\Katalon_Studio_Windows_64-8.6.8\configuration\resources\lib\curvesapi
Launcher Type: SUN_STANDARD

Environment Variables:
JAVA_HOME=C:\Program Files\Java\jdk-16.0.1
PATH=C:/Users/yustika/.katalon/packages/Katalon_Studio_Windows_64-8.6.8/Katalon_Studio_Windows_64-8.6.8/jre/bin/server;C:/Users/yustika/.katalon/packages/Katalon_Studio_Windows_64-8.6.8/Katalon_Studio_Windows_64-8.6.8/jre/bin;C:/Users/yustika/.katalon/packages/Katalon_Studio_Windows_64-8.6.8/Katalon_Studio_Windows_64-8.6.8/jre/lib/amd64;C:\Program Files\Common Files\Oracle\Java\javapath;C:\Program Files (x86)\Common Files\Oracle\Java\javapath;C:\Windows\system32;C:\Windows;C:\Windows\System32\Wbem;C:\Windows\System32\WindowsPowerShell\v1.0\;C:\Windows\System32\OpenSSH\;C:\Program Files (x86)\Microsoft SQL Server\100\Tools\Binn\;C:\Program Files\Microsoft SQL Server\100\Tools\Binn\;C:\Program Files\Microsoft SQL Server\100\DTS\Binn\;C:\Program Files\Microsoft SQL Server\130\Tools\Binn\;C:\Program Files (x86)\Microsoft SQL Server\90\Tools\binn\;C:\Program Files\dotnet\;C:\sqlite3;C:\Program Files\Git\cmd;C:\Program Files\nodejs\;C:\Program Files (x86)\Rational\common;C:\Users\yustika\AppData\Local\Programs\Python\Python310\Scripts\;C:\Users\yustika\AppData\Local\Programs\Python\Python310\;C:\Users\yustika\AppData\Local\Microsoft\WindowsApps;C:\Users\yustika\.dotnet\tools;C:\Users\yustika\AppData\Local\Programs\Microsoft VS Code\bin;C:\Users\yustika\AppData\Roaming\npm;C:\Users\yustika\.katalon\packages\Katalon_Studio_Windows_64-8.6.8\Katalon_Studio_Windows_64-8.6.8;
USERNAME=yustika
OS=Windows_NT
PROCESSOR_IDENTIFIER=Intel64 Family 6 Model 58 Stepping 9, GenuineIntel



---------------  S Y S T E M  ---------------

OS: Windows 10 , 64 bit Build 19041 (10.0.19041.3031)

CPU:total 2 (initial active 2) (2 cores per cpu, 1 threads per core) family 6 model 58 stepping 9, cmov, cx8, fxsr, mmx, sse, sse2, sse3, ssse3, sse4.1, sse4.2, popcnt, clmul, erms, tsc, tscinvbit, tscinv

Memory: 4k page, physical 1980156k(219228k free), swap 8009468k(5976k free)

vm_info: OpenJDK 64-Bit Server VM (25.362-b09) for windows-amd64 JRE (Zulu 8.68.0.21-CA-win64) (1.8.0_362-b09), built on Jan 19 2023 16:49:02 by "tester" with MS VC++ 15.9 (VS2017)

time: Fri Oct 20 16:43:22 2023
timezone: SE Asia Standard Time
elapsed time: 22.473839 seconds (0d 0h 0m 22s)

